<?xml version="1.0" encoding="UTF-8"?>
<!-- Generated by org.testng.reporters.JUnitXMLReporter -->
<testsuite ignored="4" hostname="DESKTOP-JOQNLEJ" failures="0" tests="3" name="ChromeTest" time="99.797" errors="0" timestamp="2024-05-23T12:27:57 IST">
  <testcase classname="com.Vtiger.ContactTest.ToCreateContactTest" name="createContact" time="15.881"/>
  <testcase classname="com.Vtiger.ContactTest.CreateContactWithSupportDateTest" name="createContactWithSupportDateTest" time="17.618"/>
  <testcase classname="com.Vtiger.ContactTest.CreateContactWithOrgTest" name="createContactWithOrgTest" time="32.615"/>
  <testcase classname="com.Vtiger.BaseClass.BaseClass" name="@BeforeSuite createBSmethod" time="0.0">
    <ignored/>
  </testcase> <!-- @BeforeSuite createBSmethod -->
  <testcase classname="com.Vtiger.BaseClass.BaseClass" name="@AfterSuite createAsmethod" time="0.0">
    <ignored/>
  </testcase> <!-- @AfterSuite createAsmethod -->
  <testcase classname="com.Vtiger.BaseClass.BaseClass" name="@BeforeSuite createBSmethod" time="0.0">
    <ignored/>
  </testcase> <!-- @BeforeSuite createBSmethod -->
  <testcase classname="com.Vtiger.BaseClass.BaseClass" name="@AfterSuite createAsmethod" time="0.0">
    <ignored/>
  </testcase> <!-- @AfterSuite createAsmethod -->
</testsuite> <!-- ChromeTest -->
