<?xml version="1.0" encoding="UTF-8"?>
<!-- Generated by org.testng.reporters.JUnitXMLReporter -->
<testsuite ignored="6" hostname="DESKTOP-JOQNLEJ" failures="0" tests="4" name="Test" time="82.014" errors="0" timestamp="2024-05-23T12:43:48 IST">
  <testcase classname="com.Vtiger.ContactTest.ToCreateContactTest" name="createContact" time="15.605"/>
  <testcase classname="com.Vtiger.OrgTest.CreateOrgWithIndustryAndTypeDropdownTest" name="orgWithIndustryAndTypeDropdown" time="19.438"/>
  <testcase classname="com.Vtiger.ContactTest.CreateContactWithSupportDateTest" name="createContactWithSupportDateTest" time="19.949"/>
  <testcase classname="com.Vtiger.ContactTest.CreateContactWithOrgTest" name="createContactWithOrgTest" time="33.511"/>
  <testcase classname="com.Vtiger.BaseClass.BaseClass" name="@BeforeSuite createBSmethod" time="0.0">
    <ignored/>
  </testcase> <!-- @BeforeSuite createBSmethod -->
  <testcase classname="com.Vtiger.BaseClass.BaseClass" name="@AfterSuite createAsmethod" time="0.0">
    <ignored/>
  </testcase> <!-- @AfterSuite createAsmethod -->
  <testcase classname="com.Vtiger.BaseClass.BaseClass" name="@AfterSuite createAsmethod" time="0.0">
    <ignored/>
  </testcase> <!-- @AfterSuite createAsmethod -->
  <testcase classname="com.Vtiger.BaseClass.BaseClass" name="@BeforeSuite createBSmethod" time="0.0">
    <ignored/>
  </testcase> <!-- @BeforeSuite createBSmethod -->
  <testcase classname="com.Vtiger.BaseClass.BaseClass" name="@BeforeSuite createBSmethod" time="0.0">
    <ignored/>
  </testcase> <!-- @BeforeSuite createBSmethod -->
  <testcase classname="com.Vtiger.BaseClass.BaseClass" name="@AfterSuite createAsmethod" time="0.0">
    <ignored/>
  </testcase> <!-- @AfterSuite createAsmethod -->
</testsuite> <!-- Test -->
