<?xml version="1.0" encoding="UTF-8"?>
<!-- Generated by org.testng.reporters.JUnitXMLReporter -->
<testsuite ignored="2" hostname="DESKTOP-JOQNLEJ" failures="0" tests="2" name="TestRunner1" time="31.159" errors="0" timestamp="2024-05-23T12:36:52 IST">
  <testcase classname="com.Vtiger.ContactTest.ToCreateContactTest" name="createContact" time="18.034"/>
  <testcase classname="com.Vtiger.OrgTest.CreateOrgWithIndustryAndTypeDropdownTest" name="orgWithIndustryAndTypeDropdown" time="18.768"/>
  <testcase classname="com.Vtiger.BaseClass.BaseClass" name="@BeforeSuite createBSmethod" time="0.0">
    <ignored/>
  </testcase> <!-- @BeforeSuite createBSmethod -->
  <testcase classname="com.Vtiger.BaseClass.BaseClass" name="@AfterSuite createAsmethod" time="0.0">
    <ignored/>
  </testcase> <!-- @AfterSuite createAsmethod -->
</testsuite> <!-- TestRunner1 -->
