<?xml version="1.0" encoding="UTF-8"?>
<!-- Generated by org.testng.reporters.JUnitXMLReporter -->
<testsuite ignored="4" hostname="DESKTOP-JOQNLEJ" failures="6" tests="6" name="Test1" time="17.298" errors="0" timestamp="2024-05-23T12:44:06 IST">
  <testcase classname="com.Vtiger.OrgTest.ToDeleteOrgTest" name="DeleteOrgTest" time="0.0">
    <failure type="java.lang.NullPointerException" message="Cannot invoke &amp;quot;com.aventstack.extentreports.ExtentReports.createTest(String)&amp;quot; because &amp;quot;this.report&amp;quot; is null">
      <![CDATA[java.lang.NullPointerException: Cannot invoke "com.aventstack.extentreports.ExtentReports.createTest(String)" because "this.report" is null
at com.Vtiger.Listeners.ListenersImpementation.onTestStart(ListenersImpementation.java:41)
at java.base/java.util.concurrent.ThreadPoolExecutor.runWorker(ThreadPoolExecutor.java:1136)
at java.base/java.util.concurrent.ThreadPoolExecutor$Worker.run(ThreadPoolExecutor.java:635)
at java.base/java.lang.Thread.run(Thread.java:840)
... Removed 9 stack frames]]>
    </failure>
  </testcase> <!-- DeleteOrgTest -->
  <testcase classname="com.Vtiger.OrgTest.ToCreateOrgTest" name="CreateOrgTest" time="0.0">
    <failure type="java.lang.NullPointerException" message="Cannot invoke &amp;quot;com.aventstack.extentreports.ExtentReports.createTest(String)&amp;quot; because &amp;quot;this.report&amp;quot; is null">
      <![CDATA[java.lang.NullPointerException: Cannot invoke "com.aventstack.extentreports.ExtentReports.createTest(String)" because "this.report" is null
at com.Vtiger.Listeners.ListenersImpementation.onTestStart(ListenersImpementation.java:41)
at java.base/java.util.concurrent.ThreadPoolExecutor.runWorker(ThreadPoolExecutor.java:1136)
at java.base/java.util.concurrent.ThreadPoolExecutor$Worker.run(ThreadPoolExecutor.java:635)
at java.base/java.lang.Thread.run(Thread.java:840)
... Removed 9 stack frames]]>
    </failure>
  </testcase> <!-- CreateOrgTest -->
  <testcase classname="com.Vtiger.OrgTest.ToDeleteOrgTest" name="DeleteOrgTest" time="6.605">
    <failure type="java.lang.NullPointerException" message="Cannot invoke &amp;quot;com.aventstack.extentreports.ExtentTest.addScreenCaptureFromPath(String)&amp;quot; because &amp;quot;this.test&amp;quot; is null">
      <![CDATA[java.lang.NullPointerException: Cannot invoke "com.aventstack.extentreports.ExtentTest.addScreenCaptureFromPath(String)" because "this.test" is null
at com.Vtiger.Listeners.ListenersImpementation.onTestFailure(ListenersImpementation.java:63)
at java.base/java.util.concurrent.ThreadPoolExecutor.runWorker(ThreadPoolExecutor.java:1136)
at java.base/java.util.concurrent.ThreadPoolExecutor$Worker.run(ThreadPoolExecutor.java:635)
at java.base/java.lang.Thread.run(Thread.java:840)
... Removed 9 stack frames]]>
    </failure>
  </testcase> <!-- DeleteOrgTest -->
  <testcase classname="com.Vtiger.OrgTest.ToCreateOrgTest" name="CreateOrgTest" time="6.905">
    <failure type="java.lang.NullPointerException" message="Cannot invoke &amp;quot;com.aventstack.extentreports.ExtentTest.addScreenCaptureFromPath(String)&amp;quot; because &amp;quot;this.test&amp;quot; is null">
      <![CDATA[java.lang.NullPointerException: Cannot invoke "com.aventstack.extentreports.ExtentTest.addScreenCaptureFromPath(String)" because "this.test" is null
at com.Vtiger.Listeners.ListenersImpementation.onTestFailure(ListenersImpementation.java:63)
at java.base/java.util.concurrent.ThreadPoolExecutor.runWorker(ThreadPoolExecutor.java:1136)
at java.base/java.util.concurrent.ThreadPoolExecutor$Worker.run(ThreadPoolExecutor.java:635)
at java.base/java.lang.Thread.run(Thread.java:840)
... Removed 9 stack frames]]>
    </failure>
  </testcase> <!-- CreateOrgTest -->
  <testcase classname="com.Vtiger.OrgTest.CreateOrgWithPhonenumberTest" name="createOrgWithPhoneNumber" time="0.002">
    <failure type="java.lang.NullPointerException" message="Cannot invoke &amp;quot;com.aventstack.extentreports.ExtentReports.createTest(String)&amp;quot; because &amp;quot;this.report&amp;quot; is null">
      <![CDATA[java.lang.NullPointerException: Cannot invoke "com.aventstack.extentreports.ExtentReports.createTest(String)" because "this.report" is null
at com.Vtiger.Listeners.ListenersImpementation.onTestStart(ListenersImpementation.java:41)
at java.base/java.util.concurrent.ThreadPoolExecutor.runWorker(ThreadPoolExecutor.java:1136)
at java.base/java.util.concurrent.ThreadPoolExecutor$Worker.run(ThreadPoolExecutor.java:635)
at java.base/java.lang.Thread.run(Thread.java:840)
... Removed 9 stack frames]]>
    </failure>
  </testcase> <!-- createOrgWithPhoneNumber -->
  <testcase classname="com.Vtiger.OrgTest.CreateOrgWithPhonenumberTest" name="createOrgWithPhoneNumber" time="5.588">
    <failure type="java.lang.NullPointerException" message="Cannot invoke &amp;quot;com.aventstack.extentreports.ExtentTest.addScreenCaptureFromPath(String)&amp;quot; because &amp;quot;this.test&amp;quot; is null">
      <![CDATA[java.lang.NullPointerException: Cannot invoke "com.aventstack.extentreports.ExtentTest.addScreenCaptureFromPath(String)" because "this.test" is null
at com.Vtiger.Listeners.ListenersImpementation.onTestFailure(ListenersImpementation.java:63)
at java.base/java.util.concurrent.ThreadPoolExecutor.runWorker(ThreadPoolExecutor.java:1136)
at java.base/java.util.concurrent.ThreadPoolExecutor$Worker.run(ThreadPoolExecutor.java:635)
at java.base/java.lang.Thread.run(Thread.java:840)
... Removed 9 stack frames]]>
    </failure>
  </testcase> <!-- createOrgWithPhoneNumber -->
  <testcase classname="com.Vtiger.BaseClass.BaseClass" name="@BeforeSuite createBSmethod" time="0.0">
    <ignored/>
  </testcase> <!-- @BeforeSuite createBSmethod -->
  <testcase classname="com.Vtiger.BaseClass.BaseClass" name="@AfterSuite createAsmethod" time="0.0">
    <ignored/>
  </testcase> <!-- @AfterSuite createAsmethod -->
  <testcase classname="com.Vtiger.BaseClass.BaseClass" name="@BeforeSuite createBSmethod" time="0.0">
    <ignored/>
  </testcase> <!-- @BeforeSuite createBSmethod -->
  <testcase classname="com.Vtiger.BaseClass.BaseClass" name="@AfterSuite createAsmethod" time="0.0">
    <ignored/>
  </testcase> <!-- @AfterSuite createAsmethod -->
</testsuite> <!-- Test1 -->
