<?xml version="1.0" encoding="UTF-8"?>
<testng-results ignored="10" total="14" passed="4" failed="0" skipped="0">
  <reporter-output>
  </reporter-output>
  <suite started-at="2024-05-23T12:42:26 IST" name="Suite" finished-at="2024-05-23T12:44:06 IST" duration-ms="99343">
    <groups>
      <group name="regression">
        <method signature="ToCreateContactTest.createContact()[pri:0, instance:com.Vtiger.ContactTest.ToCreateContactTest@35dab4eb]" name="createContact" class="com.Vtiger.ContactTest.ToCreateContactTest"/>
        <method signature="ToCreateOrgTest.CreateOrgTest()[pri:0, instance:com.Vtiger.OrgTest.ToCreateOrgTest@2a693f59]" name="CreateOrgTest" class="com.Vtiger.OrgTest.ToCreateOrgTest"/>
        <method signature="ToDeleteOrgTest.DeleteOrgTest()[pri:0, instance:com.Vtiger.OrgTest.ToDeleteOrgTest@3f4faf53]" name="DeleteOrgTest" class="com.Vtiger.OrgTest.ToDeleteOrgTest"/>
      </group> <!-- regression -->
      <group name="smoke">
        <method signature="CreateContactWithOrgTest.createContactWithOrgTest()[pri:0, instance:com.Vtiger.ContactTest.CreateContactWithOrgTest@8458f04]" name="createContactWithOrgTest" class="com.Vtiger.ContactTest.CreateContactWithOrgTest"/>
        <method signature="CreateContactWithSupportDateTest.createContactWithSupportDateTest()[pri:0, instance:com.Vtiger.ContactTest.CreateContactWithSupportDateTest@606e4010]" name="createContactWithSupportDateTest" class="com.Vtiger.ContactTest.CreateContactWithSupportDateTest"/>
        <method signature="ToCreateContactTest.createContact()[pri:0, instance:com.Vtiger.ContactTest.ToCreateContactTest@35dab4eb]" name="createContact" class="com.Vtiger.ContactTest.ToCreateContactTest"/>
        <method signature="CreateOrgWithIndustryAndTypeDropdownTest.orgWithIndustryAndTypeDropdown()[pri:0, instance:com.Vtiger.OrgTest.CreateOrgWithIndustryAndTypeDropdownTest@18271936]" name="orgWithIndustryAndTypeDropdown" class="com.Vtiger.OrgTest.CreateOrgWithIndustryAndTypeDropdownTest"/>
        <method signature="CreateOrgWithPhonenumberTest.createOrgWithPhoneNumber()[pri:0, instance:com.Vtiger.OrgTest.CreateOrgWithPhonenumberTest@7fd50002]" name="createOrgWithPhoneNumber" class="com.Vtiger.OrgTest.CreateOrgWithPhonenumberTest"/>
      </group> <!-- smoke -->
    </groups>
    <test started-at="2024-05-23T12:42:26 IST" name="Test" finished-at="2024-05-23T12:43:48 IST" duration-ms="82014">
      <class name="com.Vtiger.ContactTest.CreateContactWithSupportDateTest">
        <test-method is-config="true" signature="createBCmethod()[pri:0, instance:com.Vtiger.ContactTest.CreateContactWithSupportDateTest@606e4010]" started-at="2024-05-23T12:43:03 IST" name="createBCmethod" finished-at="2024-05-23T12:43:05 IST" duration-ms="1808" status="PASS">
          <reporter-output>
          </reporter-output>
        </test-method> <!-- createBCmethod -->
        <test-method is-config="true" signature="createBMmethod()[pri:0, instance:com.Vtiger.ContactTest.CreateContactWithSupportDateTest@606e4010]" started-at="2024-05-23T12:43:05 IST" name="createBMmethod" finished-at="2024-05-23T12:43:11 IST" duration-ms="5476" status="PASS">
          <reporter-output>
          </reporter-output>
        </test-method> <!-- createBMmethod -->
        <test-method signature="createContactWithSupportDateTest()[pri:0, instance:com.Vtiger.ContactTest.CreateContactWithSupportDateTest@606e4010]" started-at="2024-05-23T12:43:11 IST" name="createContactWithSupportDateTest" finished-at="2024-05-23T12:43:31 IST" duration-ms="19949" status="PASS">
          <reporter-output>
          </reporter-output>
        </test-method> <!-- createContactWithSupportDateTest -->
        <test-method is-config="true" signature="createAMmethod()[pri:0, instance:com.Vtiger.ContactTest.CreateContactWithSupportDateTest@606e4010]" started-at="2024-05-23T12:43:31 IST" name="createAMmethod" finished-at="2024-05-23T12:43:33 IST" duration-ms="2655" status="PASS">
          <reporter-output>
          </reporter-output>
        </test-method> <!-- createAMmethod -->
        <test-method is-config="true" signature="createACmethod()[pri:0, instance:com.Vtiger.ContactTest.CreateContactWithSupportDateTest@606e4010]" started-at="2024-05-23T12:43:33 IST" name="createACmethod" finished-at="2024-05-23T12:43:34 IST" duration-ms="948" status="PASS">
          <reporter-output>
          </reporter-output>
        </test-method> <!-- createACmethod -->
      </class> <!-- com.Vtiger.ContactTest.CreateContactWithSupportDateTest -->
      <class name="com.Vtiger.ContactTest.CreateContactWithOrgTest">
        <test-method is-config="true" signature="createBCmethod()[pri:0, instance:com.Vtiger.ContactTest.CreateContactWithOrgTest@8458f04]" started-at="2024-05-23T12:43:04 IST" name="createBCmethod" finished-at="2024-05-23T12:43:06 IST" duration-ms="2045" status="PASS">
          <reporter-output>
          </reporter-output>
        </test-method> <!-- createBCmethod -->
        <test-method is-config="true" signature="createBMmethod()[pri:0, instance:com.Vtiger.ContactTest.CreateContactWithOrgTest@8458f04]" started-at="2024-05-23T12:43:06 IST" name="createBMmethod" finished-at="2024-05-23T12:43:12 IST" duration-ms="6212" status="PASS">
          <reporter-output>
          </reporter-output>
        </test-method> <!-- createBMmethod -->
        <test-method signature="createContactWithOrgTest()[pri:0, instance:com.Vtiger.ContactTest.CreateContactWithOrgTest@8458f04]" started-at="2024-05-23T12:43:12 IST" name="createContactWithOrgTest" finished-at="2024-05-23T12:43:46 IST" duration-ms="33511" status="PASS">
          <reporter-output>
          </reporter-output>
        </test-method> <!-- createContactWithOrgTest -->
        <test-method is-config="true" signature="createAMmethod()[pri:0, instance:com.Vtiger.ContactTest.CreateContactWithOrgTest@8458f04]" started-at="2024-05-23T12:43:46 IST" name="createAMmethod" finished-at="2024-05-23T12:43:48 IST" duration-ms="2383" status="PASS">
          <reporter-output>
          </reporter-output>
        </test-method> <!-- createAMmethod -->
        <test-method is-config="true" signature="createACmethod()[pri:0, instance:com.Vtiger.ContactTest.CreateContactWithOrgTest@8458f04]" started-at="2024-05-23T12:43:48 IST" name="createACmethod" finished-at="2024-05-23T12:43:48 IST" duration-ms="243" status="PASS">
          <reporter-output>
          </reporter-output>
        </test-method> <!-- createACmethod -->
      </class> <!-- com.Vtiger.ContactTest.CreateContactWithOrgTest -->
      <class name="com.Vtiger.OrgTest.CreateOrgWithIndustryAndTypeDropdownTest">
        <test-method is-config="true" signature="createBCmethod()[pri:0, instance:com.Vtiger.OrgTest.CreateOrgWithIndustryAndTypeDropdownTest@18271936]" started-at="2024-05-23T12:42:26 IST" name="createBCmethod" finished-at="2024-05-23T12:42:36 IST" duration-ms="9492" status="PASS">
          <reporter-output>
          </reporter-output>
        </test-method> <!-- createBCmethod -->
        <test-method is-config="true" signature="createBMmethod()[pri:0, instance:com.Vtiger.OrgTest.CreateOrgWithIndustryAndTypeDropdownTest@18271936]" started-at="2024-05-23T12:42:36 IST" name="createBMmethod" finished-at="2024-05-23T12:42:42 IST" duration-ms="6006" status="PASS">
          <reporter-output>
          </reporter-output>
        </test-method> <!-- createBMmethod -->
        <test-method signature="orgWithIndustryAndTypeDropdown()[pri:0, instance:com.Vtiger.OrgTest.CreateOrgWithIndustryAndTypeDropdownTest@18271936]" started-at="2024-05-23T12:42:42 IST" name="orgWithIndustryAndTypeDropdown" finished-at="2024-05-23T12:43:01 IST" duration-ms="19438" status="PASS">
          <reporter-output>
          </reporter-output>
        </test-method> <!-- orgWithIndustryAndTypeDropdown -->
        <test-method is-config="true" signature="createAMmethod()[pri:0, instance:com.Vtiger.OrgTest.CreateOrgWithIndustryAndTypeDropdownTest@18271936]" started-at="2024-05-23T12:43:01 IST" name="createAMmethod" finished-at="2024-05-23T12:43:04 IST" duration-ms="2307" status="PASS">
          <reporter-output>
          </reporter-output>
        </test-method> <!-- createAMmethod -->
        <test-method is-config="true" signature="createACmethod()[pri:0, instance:com.Vtiger.OrgTest.CreateOrgWithIndustryAndTypeDropdownTest@18271936]" started-at="2024-05-23T12:43:04 IST" name="createACmethod" finished-at="2024-05-23T12:43:04 IST" duration-ms="311" status="PASS">
          <reporter-output>
          </reporter-output>
        </test-method> <!-- createACmethod -->
      </class> <!-- com.Vtiger.OrgTest.CreateOrgWithIndustryAndTypeDropdownTest -->
      <class name="com.Vtiger.ContactTest.ToCreateContactTest">
        <test-method is-config="true" signature="createBCmethod()[pri:0, instance:com.Vtiger.ContactTest.ToCreateContactTest@35dab4eb]" started-at="2024-05-23T12:42:26 IST" name="createBCmethod" finished-at="2024-05-23T12:42:36 IST" duration-ms="9493" status="PASS">
          <reporter-output>
          </reporter-output>
        </test-method> <!-- createBCmethod -->
        <test-method is-config="true" signature="createBMmethod()[pri:0, instance:com.Vtiger.ContactTest.ToCreateContactTest@35dab4eb]" started-at="2024-05-23T12:42:36 IST" name="createBMmethod" finished-at="2024-05-23T12:42:45 IST" duration-ms="9010" status="PASS">
          <reporter-output>
          </reporter-output>
        </test-method> <!-- createBMmethod -->
        <test-method signature="createContact()[pri:0, instance:com.Vtiger.ContactTest.ToCreateContactTest@35dab4eb]" started-at="2024-05-23T12:42:45 IST" name="createContact" finished-at="2024-05-23T12:43:01 IST" duration-ms="15605" status="PASS">
          <reporter-output>
          </reporter-output>
        </test-method> <!-- createContact -->
        <test-method is-config="true" signature="createAMmethod()[pri:0, instance:com.Vtiger.ContactTest.ToCreateContactTest@35dab4eb]" started-at="2024-05-23T12:43:01 IST" name="createAMmethod" finished-at="2024-05-23T12:43:03 IST" duration-ms="2439" status="PASS">
          <reporter-output>
          </reporter-output>
        </test-method> <!-- createAMmethod -->
        <test-method is-config="true" signature="createACmethod()[pri:0, instance:com.Vtiger.ContactTest.ToCreateContactTest@35dab4eb]" started-at="2024-05-23T12:43:03 IST" name="createACmethod" finished-at="2024-05-23T12:43:03 IST" duration-ms="318" status="PASS">
          <reporter-output>
          </reporter-output>
        </test-method> <!-- createACmethod -->
      </class> <!-- com.Vtiger.ContactTest.ToCreateContactTest -->
    </test> <!-- Test -->
    <test started-at="2024-05-23T12:43:48 IST" name="Test1" finished-at="2024-05-23T12:44:06 IST" duration-ms="17298">
      <class name="com.Vtiger.OrgTest.ToCreateOrgTest">
        <test-method is-config="true" signature="createBSmethod()[pri:0, instance:com.Vtiger.OrgTest.ToCreateOrgTest@2a693f59]" started-at="2024-05-23T12:42:24 IST" name="createBSmethod" finished-at="2024-05-23T12:42:26 IST" duration-ms="2819" status="PASS">
          <reporter-output>
          </reporter-output>
        </test-method> <!-- createBSmethod -->
        <test-method is-config="true" signature="createBCmethod()[pri:0, instance:com.Vtiger.OrgTest.ToCreateOrgTest@2a693f59]" started-at="2024-05-23T12:43:48 IST" name="createBCmethod" finished-at="2024-05-23T12:43:51 IST" duration-ms="2096" status="PASS">
          <reporter-output>
          </reporter-output>
        </test-method> <!-- createBCmethod -->
        <test-method is-config="true" signature="createBMmethod()[pri:0, instance:com.Vtiger.OrgTest.ToCreateOrgTest@2a693f59]" started-at="2024-05-23T12:43:51 IST" name="createBMmethod" finished-at="2024-05-23T12:43:57 IST" duration-ms="6229" status="PASS">
          <reporter-output>
          </reporter-output>
        </test-method> <!-- createBMmethod -->
        <test-method is-config="true" signature="createACmethod()[pri:0, instance:com.Vtiger.OrgTest.ToCreateOrgTest@2a693f59]" started-at="2024-05-23T12:43:58 IST" name="createACmethod" finished-at="2024-05-23T12:43:58 IST" duration-ms="322" status="PASS">
          <reporter-output>
          </reporter-output>
        </test-method> <!-- createACmethod -->
        <test-method is-config="true" signature="createAsmethod()[pri:0, instance:com.Vtiger.OrgTest.ToCreateOrgTest@2a693f59]" started-at="2024-05-23T12:44:06 IST" name="createAsmethod" finished-at="2024-05-23T12:44:06 IST" duration-ms="12" status="PASS">
          <reporter-output>
          </reporter-output>
        </test-method> <!-- createAsmethod -->
      </class> <!-- com.Vtiger.OrgTest.ToCreateOrgTest -->
      <class name="com.Vtiger.OrgTest.CreateOrgWithPhonenumberTest">
        <test-method is-config="true" signature="createBCmethod()[pri:0, instance:com.Vtiger.OrgTest.CreateOrgWithPhonenumberTest@7fd50002]" started-at="2024-05-23T12:43:58 IST" name="createBCmethod" finished-at="2024-05-23T12:44:00 IST" duration-ms="1844" status="PASS">
          <reporter-output>
          </reporter-output>
        </test-method> <!-- createBCmethod -->
        <test-method is-config="true" signature="createBMmethod()[pri:0, instance:com.Vtiger.OrgTest.CreateOrgWithPhonenumberTest@7fd50002]" started-at="2024-05-23T12:44:00 IST" name="createBMmethod" finished-at="2024-05-23T12:44:05 IST" duration-ms="5410" status="PASS">
          <reporter-output>
          </reporter-output>
        </test-method> <!-- createBMmethod -->
        <test-method is-config="true" signature="createACmethod()[pri:0, instance:com.Vtiger.OrgTest.CreateOrgWithPhonenumberTest@7fd50002]" started-at="2024-05-23T12:44:06 IST" name="createACmethod" finished-at="2024-05-23T12:44:06 IST" duration-ms="238" status="PASS">
          <reporter-output>
          </reporter-output>
        </test-method> <!-- createACmethod -->
      </class> <!-- com.Vtiger.OrgTest.CreateOrgWithPhonenumberTest -->
      <class name="com.Vtiger.OrgTest.ToDeleteOrgTest">
        <test-method is-config="true" signature="createBCmethod()[pri:0, instance:com.Vtiger.OrgTest.ToDeleteOrgTest@3f4faf53]" started-at="2024-05-23T12:43:48 IST" name="createBCmethod" finished-at="2024-05-23T12:43:51 IST" duration-ms="2082" status="PASS">
          <reporter-output>
          </reporter-output>
        </test-method> <!-- createBCmethod -->
        <test-method is-config="true" signature="createBMmethod()[pri:0, instance:com.Vtiger.OrgTest.ToDeleteOrgTest@3f4faf53]" started-at="2024-05-23T12:43:51 IST" name="createBMmethod" finished-at="2024-05-23T12:43:56 IST" duration-ms="5685" status="PASS">
          <reporter-output>
          </reporter-output>
        </test-method> <!-- createBMmethod -->
        <test-method is-config="true" signature="createACmethod()[pri:0, instance:com.Vtiger.OrgTest.ToDeleteOrgTest@3f4faf53]" started-at="2024-05-23T12:43:58 IST" name="createACmethod" finished-at="2024-05-23T12:43:58 IST" duration-ms="202" status="PASS">
          <reporter-output>
          </reporter-output>
        </test-method> <!-- createACmethod -->
      </class> <!-- com.Vtiger.OrgTest.ToDeleteOrgTest -->
    </test> <!-- Test1 -->
  </suite> <!-- Suite -->
</testng-results>
